  源.cpp
D:\工程\电子宠物商店\cpp\电子宠物商店\电子宠物商店\源.cpp(76,5): warning C4996: 'sprintf': This function or variable may be unsafe. Consider using sprintf_s instead. To disable deprecation, use _CRT_SECURE_NO_WARNINGS. See online help for details.
D:\工程\电子宠物商店\cpp\电子宠物商店\电子宠物商店\源.cpp(84,5): warning C4996: 'sprintf': This function or variable may be unsafe. Consider using sprintf_s instead. To disable deprecation, use _CRT_SECURE_NO_WARNINGS. See online help for details.
D:\工程\电子宠物商店\cpp\电子宠物商店\电子宠物商店\源.cpp(254,17): warning C4129: “ ”: 不可识别的字符转义序列
D:\工程\电子宠物商店\cpp\电子宠物商店\电子宠物商店\源.cpp(257,17): warning C4129: “ ”: 不可识别的字符转义序列
D:\工程\电子宠物商店\cpp\电子宠物商店\电子宠物商店\源.cpp(257,17): warning C4129: “_”: 不可识别的字符转义序列
D:\工程\电子宠物商店\cpp\电子宠物商店\电子宠物商店\源.cpp(258,17): warning C4129: “ ”: 不可识别的字符转义序列
D:\工程\电子宠物商店\cpp\电子宠物商店\电子宠物商店\源.cpp(259,17): warning C4129: “/”: 不可识别的字符转义序列
D:\工程\电子宠物商店\cpp\电子宠物商店\电子宠物商店\源.cpp(259,17): warning C4129: “,”: 不可识别的字符转义序列
D:\工程\电子宠物商店\cpp\电子宠物商店\电子宠物商店\源.cpp(259,17): warning C4129: “(”: 不可识别的字符转义序列
D:\工程\电子宠物商店\cpp\电子宠物商店\电子宠物商店\源.cpp(260,17): warning C4129: “ ”: 不可识别的字符转义序列
D:\工程\电子宠物商店\cpp\电子宠物商店\电子宠物商店\源.cpp(260,17): warning C4129: “)”: 不可识别的字符转义序列
D:\工程\电子宠物商店\cpp\电子宠物商店\电子宠物商店\源.cpp(261,17): warning C4129: “)”: 不可识别的字符转义序列
D:\工程\电子宠物商店\cpp\电子宠物商店\电子宠物商店\源.cpp(261,17): warning C4129: “ ”: 不可识别的字符转义序列
D:\工程\电子宠物商店\cpp\电子宠物商店\电子宠物商店\源.cpp(262,17): warning C4129: “_”: 不可识别的字符转义序列
D:\工程\电子宠物商店\cpp\电子宠物商店\电子宠物商店\源.cpp(262,17): warning C4129: “ ”: 不可识别的字符转义序列
D:\工程\电子宠物商店\cpp\电子宠物商店\电子宠物商店\源.cpp(286,17): warning C4129: “ ”: 不可识别的字符转义序列
D:\工程\电子宠物商店\cpp\电子宠物商店\电子宠物商店\源.cpp(287,17): warning C4129: “(”: 不可识别的字符转义序列
D:\工程\电子宠物商店\cpp\电子宠物商店\电子宠物商店\源.cpp(288,17): warning C4129: “/”: 不可识别的字符转义序列
D:\工程\电子宠物商店\cpp\电子宠物商店\电子宠物商店\源.cpp(1473): warning C4715: “S_start”: 不是所有的控件路径都返回值
D:\工程\电子宠物商店\cpp\电子宠物商店\电子宠物商店\源.cpp(1584): warning C4715: “R_start”: 不是所有的控件路径都返回值
  电子宠物商店.vcxproj -> D:\工程\电子宠物商店\cpp\电子宠物商店\Debug\电子宠物商店.exe
